# JRE version: OpenJDK Runtime Environment Microsoft-8035246 (17.0.8+7) (build 17.0.8+7-LTS)
# Java VM: OpenJDK 64-Bit Server VM Microsoft-8035246 (17.0.8+7-LTS, mixed mode, sharing, tiered, compressed oops, compressed class ptrs, g1 gc, windows-amd64)
GC Precious Log:
 CPUs: 12 total, 12 available
 Memory: 23923M
 Large Page Support: Disabled
 NUMA Support: Disabled
 Compressed Oops: Enabled (32-bit)
 Heap Region Size: 1M
 Heap Min Capacity: 8M
 Heap Initial Capacity: 374M
 Heap Max Capacity: 2G
 Pre-touch: Disabled
 Parallel Workers: 10
 Concurrent Workers: 3
 Concurrent Refinement Workers: 10
 Periodic GC: Disabled
Heap:
 garbage-first heap   total 194560K, used 117605K [0x0000000080000000, 0x0000000100000000)
  region size 1024K, 9 young (9216K), 5 survivors (5120K)
 Metaspace       used 81027K, committed 82048K, reserved 557056K
  class space    used 11373K, committed 11840K, reserved 425984K
GC Heap History (20 events):
Event: 28.768 GC heap before
{Heap before GC invocations=18 (full 0):
 garbage-first heap   total 194560K, used 167719K [0x0000000080000000, 0x0000000100000000)
  region size 1024K, 96 young (98304K), 8 survivors (8192K)
 Metaspace       used 70321K, committed 71232K, reserved 491520K
  class space    used 9896K, committed 10368K, reserved 425984K
}
Event: 28.775 GC heap after
{Heap after GC invocations=19 (full 0):
 garbage-first heap   total 194560K, used 85284K [0x0000000080000000, 0x0000000100000000)
  region size 1024K, 9 young (9216K), 9 survivors (9216K)
 Metaspace       used 70321K, committed 71232K, reserved 491520K
  class space    used 9896K, committed 10368K, reserved 425984K
}
Event: 30.569 GC heap before
{Heap before GC invocations=19 (full 0):
 garbage-first heap   total 194560K, used 155940K [0x0000000080000000, 0x0000000100000000)
  region size 1024K, 78 young (79872K), 9 survivors (9216K)
 Metaspace       used 73084K, committed 74112K, reserved 491520K
  class space    used 10275K, committed 10752K, reserved 425984K
}
Event: 30.576 GC heap after
{Heap after GC invocations=20 (full 0):
 garbage-first heap   total 194560K, used 89564K [0x0000000080000000, 0x0000000100000000)
  region size 1024K, 7 young (7168K), 7 survivors (7168K)
 Metaspace       used 73084K, committed 74112K, reserved 491520K
  class space    used 10275K, committed 10752K, reserved 425984K
}
Event: 32.038 GC heap before
{Heap before GC invocations=20 (full 0):
 garbage-first heap   total 194560K, used 155100K [0x0000000080000000, 0x0000000100000000)
  region size 1024K, 72 young (73728K), 7 survivors (7168K)
 Metaspace       used 77453K, committed 78464K, reserved 557056K
  class space    used 10980K, committed 11456K, reserved 425984K
}
Event: 32.045 GC heap after
{Heap after GC invocations=21 (full 0):
 garbage-first heap   total 194560K, used 95707K [0x0000000080000000, 0x0000000100000000)
  region size 1024K, 8 young (8192K), 8 survivors (8192K)
 Metaspace       used 77453K, committed 78464K, reserved 557056K
  class space    used 10980K, committed 11456K, reserved 425984K
}
Event: 36.722 GC heap before
{Heap before GC invocations=21 (full 0):
 garbage-first heap   total 194560K, used 154075K [0x0000000080000000, 0x0000000100000000)
  region size 1024K, 66 young (67584K), 8 survivors (8192K)
 Metaspace       used 79286K, committed 80192K, reserved 557056K
  class space    used 11214K, committed 11648K, reserved 425984K
}
Event: 36.728 GC heap after
{Heap after GC invocations=22 (full 0):
 garbage-first heap   total 194560K, used 101306K [0x0000000080000000, 0x0000000100000000)
  region size 1024K, 7 young (7168K), 7 survivors (7168K)
 Metaspace       used 79286K, committed 80192K, reserved 557056K
  class space    used 11214K, committed 11648K, reserved 425984K
}
Event: 37.664 GC heap before
{Heap before GC invocations=23 (full 0):
 garbage-first heap   total 194560K, used 156602K [0x0000000080000000, 0x0000000100000000)
  region size 1024K, 61 young (62464K), 7 survivors (7168K)
 Metaspace       used 79998K, committed 81024K, reserved 557056K
  class space    used 11284K, committed 11776K, reserved 425984K
}
Event: 37.672 GC heap after
{Heap after GC invocations=24 (full 0):
 garbage-first heap   total 194560K, used 103883K [0x0000000080000000, 0x0000000100000000)
  region size 1024K, 6 young (6144K), 6 survivors (6144K)
 Metaspace       used 79998K, committed 81024K, reserved 557056K
  class space    used 11284K, committed 11776K, reserved 425984K
}
Event: 37.817 GC heap before
{Heap before GC invocations=24 (full 0):
 garbage-first heap   total 194560K, used 106955K [0x0000000080000000, 0x0000000100000000)
  region size 1024K, 9 young (9216K), 6 survivors (6144K)
 Metaspace       used 80186K, committed 81152K, reserved 557056K
  class space    used 11317K, committed 11776K, reserved 425984K
}
Event: 37.822 GC heap after
{Heap after GC invocations=25 (full 0):
 garbage-first heap   total 194560K, used 103397K [0x0000000080000000, 0x0000000100000000)
  region size 1024K, 1 young (1024K), 1 survivors (1024K)
 Metaspace       used 80186K, committed 81152K, reserved 557056K
  class space    used 11317K, committed 11776K, reserved 425984K
}
Event: 39.131 GC heap before
{Heap before GC invocations=25 (full 0):
 garbage-first heap   total 194560K, used 156645K [0x0000000080000000, 0x0000000100000000)
  region size 1024K, 54 young (55296K), 1 survivors (1024K)
 Metaspace       used 80993K, committed 81984K, reserved 557056K
  class space    used 11373K, committed 11840K, reserved 425984K
}
Event: 39.138 GC heap after
{Heap after GC invocations=26 (full 0):
 garbage-first heap   total 194560K, used 110479K [0x0000000080000000, 0x0000000100000000)
  region size 1024K, 7 young (7168K), 7 survivors (7168K)
 Metaspace       used 80993K, committed 81984K, reserved 557056K
  class space    used 11373K, committed 11840K, reserved 425984K
}
Event: 39.715 GC heap before
{Heap before GC invocations=27 (full 0):
 garbage-first heap   total 194560K, used 156559K [0x0000000080000000, 0x0000000100000000)
  region size 1024K, 53 young (54272K), 7 survivors (7168K)
 Metaspace       used 81023K, committed 82048K, reserved 557056K
  class space    used 11372K, committed 11840K, reserved 425984K
}
Event: 39.720 GC heap after
{Heap after GC invocations=28 (full 0):
 garbage-first heap   total 194560K, used 112526K [0x0000000080000000, 0x0000000100000000)
  region size 1024K, 5 young (5120K), 5 survivors (5120K)
 Metaspace       used 81023K, committed 82048K, reserved 557056K
  class space    used 11372K, committed 11840K, reserved 425984K
}
Event: 39.745 GC heap before
{Heap before GC invocations=28 (full 0):
 garbage-first heap   total 194560K, used 116622K [0x0000000080000000, 0x0000000100000000)
  region size 1024K, 9 young (9216K), 5 survivors (5120K)
 Metaspace       used 81023K, committed 82048K, reserved 557056K
  class space    used 11372K, committed 11840K, reserved 425984K
}
Event: 39.749 GC heap after
{Heap after GC invocations=29 (full 0):
 garbage-first heap   total 194560K, used 111265K [0x0000000080000000, 0x0000000100000000)
  region size 1024K, 2 young (2048K), 2 survivors (2048K)
 Metaspace       used 81023K, committed 82048K, reserved 557056K
  class space    used 11372K, committed 11840K, reserved 425984K
}
Event: 40.108 GC heap before
{Heap before GC invocations=29 (full 0):
 garbage-first heap   total 194560K, used 157345K [0x0000000080000000, 0x0000000100000000)
  region size 1024K, 48 young (49152K), 2 survivors (2048K)
 Metaspace       used 81026K, committed 82048K, reserved 557056K
  class space    used 11372K, committed 11840K, reserved 425984K
}
Event: 40.112 GC heap after
{Heap after GC invocations=30 (full 0):
 garbage-first heap   total 194560K, used 113287K [0x0000000080000000, 0x0000000100000000)
  region size 1024K, 4 young (4096K), 4 survivors (4096K)
 Metaspace       used 81026K, committed 82048K, reserved 557056K
  class space    used 11372K, committed 11840K, reserved 425984K
}

